#
# A fatal error has been detected by the Java Runtime Environment:
#
#  EXCEPTION_ACCESS_VIOLATION (0xc0000005) at pc=0x000000006fbf8225, pid=104588, tid=104712
#
# JRE version: Java(TM) SE Runtime Environment (8.0_40-b26) (build 1.8.0_40-b26)
# Java VM: Java HotSpot(TM) 64-Bit Server VM (25.40-b25 mixed mode windows-amd64 compressed oops)
# Problematic frame:
# V  [jvm.dll+0x128225]
#
# Failed to write core dump. Minidumps are not enabled by default on client versions of Windows
#
# If you would like to submit a bug report, please visit:
#   http://bugreport.java.com/bugreport/crash.jsp
#

---------------  T H R E A D  ---------------

Current thread (0x0000000058bf0800):  JavaThread "JDWP Transport Listener: dt_socket" daemon [_thread_in_vm, id=104712, stack(0x000000005a7d0000,0x000000005a8d0000)]

siginfo: ExceptionCode=0xc0000005, reading address 0xffffffffffffffff

Registers:
RAX=0x000000005a8cf801, RBX=0x0000000058bf0800, RCX=0x6c65694665636e65, RDX=0x0000000000000000
RSP=0x000000005a8cf870, RBP=0x6c65694665636e65, RSI=0x000000005a8cf988, RDI=0x00000000001693b0
R8 =0x0000000058bf0800, R9 =0x000000000000ff00, R10=0x0000000000000000, R11=0x00000da9000e002c
R12=0x0000000000000000, R13=0x0000000058be98e8, R14=0x0000000000000000, R15=0x0000000000000000
RIP=0x000000006fbf8225, EFLAGS=0x0000000000010206

Top of Stack: (sp=0x000000005a8cf870)
0x000000005a8cf870:   0000000058bf0800 0000000058bf0800
0x000000005a8cf880:   000000005a8cf938 000000006fdfc6db
0x000000005a8cf890:   0000000058bf0800 000000006fe18f3d
0x000000005a8cf8a0:   0000000000000000 000000006eef9155
0x000000005a8cf8b0:   000000005b7aa020 000000006ef0291e
0x000000005a8cf8c0:   0000000058bf0800 0000000000000000
0x000000005a8cf8d0:   0000000000000000 0000000000000000
0x000000005a8cf8e0:   6c65694665636e65 000000006ef01a15
0x000000005a8cf8f0:   000000005a8cf988 000000005a8cf960
0x000000005a8cf900:   0000000000000001 000000005b7aa020
0x000000005a8cf910:   6c65694665636e65 000000006eee53b3
0x000000005a8cf920:   000000005a8cfa50 0000000000000001
0x000000005a8cf930:   0000000000000001 000000005b7aa020
0x000000005a8cf940:   0000000000000001 0000000000000000
0x000000005a8cf950:   0000000000000000 0000000000000000
0x000000005a8cf960:   0000000000000001 000000006eee5571 

Instructions: (pc=0x000000006fbf8225)
0x000000006fbf8205:   cc cc cc cc cc cc cc cc cc cc cc 48 83 ec 28 48
0x000000006fbf8215:   85 c9 75 07 33 c0 48 83 c4 28 c3 48 89 5c 24 20
0x000000006fbf8225:   48 8b 19 48 85 db 74 20 48 83 fb 37 74 1a 48 8b
0x000000006fbf8235:   13 48 8b cb ff 52 10 84 c0 74 0d 48 8b c3 48 8b 


Register to memory mapping:

RAX=0x000000005a8cf801 is pointing into the stack for thread: 0x0000000058bf0800
RBX=0x0000000058bf0800 is a thread
RCX=0x6c65694665636e65 is an unknown value
RDX=0x0000000000000000 is an unknown value
RSP=0x000000005a8cf870 is pointing into the stack for thread: 0x0000000058bf0800
RBP=0x6c65694665636e65 is an unknown value
RSI=0x000000005a8cf988 is pointing into the stack for thread: 0x0000000058bf0800
RDI=0x00000000001693b0 is an unknown value
R8 =0x0000000058bf0800 is a thread
R9 =0x000000000000ff00 is an unknown value
R10=0x0000000000000000 is an unknown value
R11=0x00000da9000e002c is an unknown value
R12=0x0000000000000000 is an unknown value
R13=0x0000000058be98e8 is an unknown value
R14=0x0000000000000000 is an unknown value
R15=0x0000000000000000 is an unknown value


Stack: [0x000000005a7d0000,0x000000005a8d0000],  sp=0x000000005a8cf870,  free space=1022k
Native frames: (J=compiled Java code, j=interpreted, Vv=VM code, C=native code)
V  [jvm.dll+0x128225]
V  [jvm.dll+0x348f3d]
C  [jdwp.dll+0x21a15]
C  [jdwp.dll+0x53b3]
C  [jdwp.dll+0x5571]
C  [jdwp.dll+0xf0a8]
C  [jdwp.dll+0x1f2d5]
C  [jdwp.dll+0x1f4aa]
V  [jvm.dll+0x1bad48]
V  [jvm.dll+0x241914]
V  [jvm.dll+0x29848a]
C  [msvcr100.dll+0x21d9f]
C  [msvcr100.dll+0x21e3b]
C  [kernel32.dll+0x15a4d]
C  [ntdll.dll+0x2b831]


---------------  P R O C E S S  ---------------

Java Threads: ( => current thread )
  0x000000005b815000 JavaThread "ReaderThread" [_thread_in_native, id=100588, stack(0x000000005bdc0000,0x000000005bec0000)]
  0x0000000058c5b800 JavaThread "Service Thread" daemon [_thread_blocked, id=104668, stack(0x000000005b230000,0x000000005b330000)]
  0x0000000058c10800 JavaThread "C1 CompilerThread3" daemon [_thread_blocked, id=103180, stack(0x000000005b0c0000,0x000000005b1c0000)]
  0x0000000058c10000 JavaThread "C2 CompilerThread2" daemon [_thread_blocked, id=104168, stack(0x000000005af80000,0x000000005b080000)]
  0x0000000058c0d000 JavaThread "C2 CompilerThread1" daemon [_thread_blocked, id=86712, stack(0x000000005adf0000,0x000000005aef0000)]
  0x0000000058c01800 JavaThread "C2 CompilerThread0" daemon [_thread_blocked, id=103496, stack(0x000000005a650000,0x000000005a750000)]
  0x0000000058bf5000 JavaThread "JDWP Command Reader" daemon [_thread_in_native, id=103644, stack(0x000000005abc0000,0x000000005acc0000)]
  0x0000000058bf1000 JavaThread "JDWP Event Helper Thread" daemon [_thread_blocked, id=103748, stack(0x000000005aa50000,0x000000005ab50000)]
=>0x0000000058bf0800 JavaThread "JDWP Transport Listener: dt_socket" daemon [_thread_in_vm, id=104712, stack(0x000000005a7d0000,0x000000005a8d0000)]
  0x0000000058bdf000 JavaThread "Attach Listener" daemon [_thread_blocked, id=104704, stack(0x000000005a250000,0x000000005a350000)]
  0x0000000058bde000 JavaThread "Signal Dispatcher" daemon [_thread_blocked, id=82544, stack(0x000000005a0e0000,0x000000005a1e0000)]
  0x0000000057e56000 JavaThread "Finalizer" daemon [_thread_blocked, id=102524, stack(0x0000000059f70000,0x000000005a070000)]
  0x0000000057e4f000 JavaThread "Reference Handler" daemon [_thread_blocked, id=102316, stack(0x0000000059d70000,0x0000000059e70000)]
  0x000000000221c800 JavaThread "main" [_thread_blocked, id=99848, stack(0x0000000002540000,0x0000000002640000)]

Other Threads:
  0x0000000058b82800 VMThread [stack: 0x0000000059c10000,0x0000000059d10000] [id=103696]
  0x0000000058c5d000 WatcherThread [stack: 0x000000005b430000,0x000000005b530000] [id=102308]

VM state:not at safepoint (normal execution)

VM Mutex/Monitor currently owned by a thread: None

Heap:
 PSYoungGen      total 38400K, used 23435K [0x00000000d5900000, 0x00000000d8380000, 0x0000000100000000)
  eden space 33280K, 70% used [0x00000000d5900000,0x00000000d6fe2fd0,0x00000000d7980000)
  from space 5120K, 0% used [0x00000000d7e80000,0x00000000d7e80000,0x00000000d8380000)
  to   space 5120K, 0% used [0x00000000d7980000,0x00000000d7980000,0x00000000d7e80000)
 ParOldGen       total 87552K, used 0K [0x0000000080a00000, 0x0000000085f80000, 0x00000000d5900000)
  object space 87552K, 0% used [0x0000000080a00000,0x0000000080a00000,0x0000000085f80000)
 Metaspace       used 6590K, capacity 6742K, committed 7040K, reserved 1056768K
  class space    used 779K, capacity 821K, committed 896K, reserved 1048576K

Card table byte_map: [0x0000000011cd0000,0x00000000120d0000] byte_map_base: 0x00000000118cb000

Marking Bits: (ParMarkBitMap*) 0x00000000702d4040
 Begin Bits: [0x00000000130b0000, 0x0000000015088000)
 End Bits:   [0x0000000015088000, 0x0000000017060000)

Polling page: 0x0000000000120000

CodeCache: size=245760Kb used=2020Kb max_used=2055Kb free=243740Kb
 bounds [0x0000000002910000, 0x0000000002b80000, 0x0000000011910000]
 total_blobs=615 nmethods=327 adapters=209
 compilation: enabled

Compilation events (10 events):
Event: 0.407 Thread 0x0000000058c10800 nmethod 323 0x0000000002af9b90 code [0x0000000002af9d00, 0x0000000002af9f08]
Event: 0.414 Thread 0x0000000058c10800  324       1       java.util.HashMap::afterNodeInsertion (1 bytes)
Event: 0.414 Thread 0x0000000058c10800 nmethod 324 0x0000000002af8e90 code [0x0000000002af8fe0, 0x0000000002af90f0]
Event: 0.415 Thread 0x0000000058c10800  325       3       java.lang.Class::getName (21 bytes)
Event: 0.415 Thread 0x0000000058c10800 nmethod 325 0x0000000002afbdd0 code [0x0000000002afbf40, 0x0000000002afc148]
Event: 0.557 Thread 0x0000000058c0d000 nmethod 257 0x0000000002b06dd0 code [0x0000000002b07160, 0x0000000002b0e5c0]
Event: 8.249 Thread 0x0000000058c10800  326       1       java.util.HashMap::size (5 bytes)
Event: 8.249 Thread 0x0000000058c10800 nmethod 326 0x0000000002b064d0 code [0x0000000002b06620, 0x0000000002b06730]
Event: 21.874 Thread 0x0000000058c0d000  327       4       java.lang.StringBuilder::append (8 bytes)
Event: 21.879 Thread 0x0000000058c0d000 nmethod 327 0x0000000002b02850 code [0x0000000002b029a0, 0x0000000002b02e98]

GC Heap History (0 events):
No events

Deoptimization events (1 events):
Event: 0.266 Thread 0x000000000221c800 Uncommon trap: reason=unstable_if action=reinterpret pc=0x0000000002a229ac method=java.lang.String.hashCode()I @ 14

Internal exceptions (6 events):
Event: 0.032 Thread 0x000000000221c800 Exception <a 'java/lang/NoSuchMethodError': Method sun.misc.Unsafe.defineClass(Ljava/lang/String;[BII)Ljava/lang/Class; name or signature does not match> (0x00000000d59126c0) thrown at [D:\re\workspace\8-2-build-windows-amd64-cygwin\jdk8u40\3098\hotspot\srp­½v ?
Event: 0.032 Thread 0x000000000221c800 Exception <a 'java/lang/NoSuchMethodError': Method sun.misc.Unsafe.prefetchRead(Ljava/lang/Object;J)V name or signature does not match> (0x00000000d5912950) thrown at [D:\re\workspace\8-2-build-windows-amd64-cygwin\jdk8u40\3098\hotspot\src\share\vm\prims\jµþHÓ×Ó?
Event: 0.310 Thread 0x000000000221c800 Exception <a 'java/security/PrivilegedActionException'> (0x00000000d5f19150) thrown at [D:\re\workspace\8-2-build-windows-amd64-cygwin\jdk8u40\3098\hotspot\src\share\vm\prims\jvm.cpp, line 1382]
Event: 0.310 Thread 0x000000000221c800 Exception <a 'java/security/PrivilegedActionException'> (0x00000000d5f19498) thrown at [D:\re\workspace\8-2-build-windows-amd64-cygwin\jdk8u40\3098\hotspot\src\share\vm\prims\jvm.cpp, line 1382]
Event: 0.311 Thread 0x000000000221c800 Exception <a 'java/security/PrivilegedActionException'> (0x00000000d5f1d550) thrown at [D:\re\workspace\8-2-build-windows-amd64-cygwin\jdk8u40\3098\hotspot\src\share\vm\prims\jvm.cpp, line 1382]
Event: 0.311 Thread 0x000000000221c800 Exception <a 'java/security/PrivilegedActionException'> (0x00000000d5f1d898) thrown at [D:\re\workspace\8-2-build-windows-amd64-cygwin\jdk8u40\3098\hotspot\src\share\vm\prims\jvm.cpp, line 1382]

Events (10 events):
Event: 21.790 Executing VM operation: GetOrSetLocal
Event: 21.790 Executing VM operation: GetOrSetLocal done
Event: 21.791 Executing VM operation: GetOrSetLocal
Event: 21.791 Executing VM operation: GetOrSetLocal done
Event: 21.791 Executing VM operation: GetOrSetLocal
Event: 21.791 Executing VM operation: GetOrSetLocal done
Event: 21.891 Executing VM operation: GetOrSetLocal
Event: 21.891 Executing VM operation: GetOrSetLocal done
Event: 63.409 Executing VM operation: RedefineClasses
Event: 63.411 Executing VM operation: RedefineClasses done


Dynamic libraries:
0x000000013fad0000 - 0x000000013fb07000 	C:\Program Files\Java\jdk1.8.0_40\bin\javaw.exe
0x0000000077c00000 - 0x0000000077da9000 	C:\WINDOWS\SYSTEM32\ntdll.dll
0x00000000779e0000 - 0x0000000077aff000 	C:\WINDOWS\system32\kernel32.dll
0x000007fefdcb0000 - 0x000007fefdd1c000 	C:\WINDOWS\system32\KERNELBASE.dll
0x000007fefe010000 - 0x000007fefe0eb000 	C:\WINDOWS\system32\ADVAPI32.dll
0x000007fefe6e0000 - 0x000007fefe77f000 	C:\WINDOWS\system32\msvcrt.dll
0x000007fefe6c0000 - 0x000007fefe6df000 	C:\WINDOWS\SYSTEM32\sechost.dll
0x000007fefdd70000 - 0x000007fefde9d000 	C:\WINDOWS\system32\RPCRT4.dll
0x0000000077b00000 - 0x0000000077bfa000 	C:\WINDOWS\system32\USER32.dll
0x000007fefeb70000 - 0x000007fefebd7000 	C:\WINDOWS\system32\GDI32.dll
0x000007fefdf20000 - 0x000007fefdf2e000 	C:\WINDOWS\system32\LPK.dll
0x000007fefe780000 - 0x000007fefe849000 	C:\WINDOWS\system32\USP10.dll
0x000007fefc380000 - 0x000007fefc574000 	C:\WINDOWS\WinSxS\amd64_microsoft.windows.common-controls_6595b64144ccf1df_6.0.7601.18837_none_fa3b1e3d17594757\COMCTL32.dll
0x000007fefdf90000 - 0x000007fefe001000 	C:\WINDOWS\system32\SHLWAPI.dll
0x000007feffb50000 - 0x000007feffb7e000 	C:\WINDOWS\system32\IMM32.DLL
0x000007fefea60000 - 0x000007fefeb69000 	C:\WINDOWS\system32\MSCTF.dll
0x0000000065c10000 - 0x0000000065ce2000 	C:\Program Files\Java\jdk1.8.0_40\jre\bin\msvcr100.dll
0x000000006fad0000 - 0x0000000070353000 	C:\Program Files\Java\jdk1.8.0_40\jre\bin\server\jvm.dll
0x000007fefa570000 - 0x000007fefa579000 	C:\WINDOWS\system32\WSOCK32.dll
0x000007fefec90000 - 0x000007fefecdd000 	C:\WINDOWS\system32\WS2_32.dll
0x000007fefec80000 - 0x000007fefec88000 	C:\WINDOWS\system32\NSI.dll
0x000007fefb790000 - 0x000007fefb7cb000 	C:\WINDOWS\system32\WINMM.dll
0x000007fefca90000 - 0x000007fefca9c000 	C:\WINDOWS\system32\VERSION.dll
0x0000000077dc0000 - 0x0000000077dc7000 	C:\WINDOWS\system32\PSAPI.DLL
0x00000000612a0000 - 0x00000000612af000 	C:\Program Files\Java\jdk1.8.0_40\jre\bin\verify.dll
0x000000006cca0000 - 0x000000006ccc9000 	C:\Program Files\Java\jdk1.8.0_40\jre\bin\java.dll
0x000000006eee0000 - 0x000000006ef15000 	C:\Program Files\Java\jdk1.8.0_40\jre\bin\jdwp.dll
0x00000000734d0000 - 0x00000000734d8000 	C:\Program Files\Java\jdk1.8.0_40\jre\bin\npt.dll
0x0000000070480000 - 0x0000000070496000 	C:\Program Files\Java\jdk1.8.0_40\jre\bin\zip.dll
0x000007fefedc0000 - 0x000007feffb49000 	C:\WINDOWS\system32\SHELL32.dll
0x000007fefe850000 - 0x000007fefea53000 	C:\WINDOWS\system32\ole32.dll
0x000007fefd9b0000 - 0x000007fefd9bf000 	C:\WINDOWS\system32\profapi.dll
0x000000006f590000 - 0x000000006f599000 	C:\Program Files\Java\jdk1.8.0_40\jre\bin\dt_socket.dll
0x000007fefb7d0000 - 0x000007fefb7e5000 	C:\WINDOWS\system32\NLAapi.dll
0x000007fef9380000 - 0x000007fef9395000 	C:\WINDOWS\system32\napinsp.dll
0x000007fef93a0000 - 0x000007fef93b9000 	C:\WINDOWS\system32\pnrpnsp.dll
0x000007fefd0e0000 - 0x000007fefd135000 	C:\WINDOWS\System32\mswsock.dll
0x000007fefcf60000 - 0x000007fefcfbb000 	C:\WINDOWS\system32\DNSAPI.dll
0x000007fef3ff0000 - 0x000007fef3ffb000 	C:\WINDOWS\System32\winrnr.dll
0x0000000075370000 - 0x0000000075396000 	C:\Program Files\Bonjour\mdnsNSP.dll
0x000007fefac00000 - 0x000007fefac27000 	C:\WINDOWS\system32\Iphlpapi.DLL
0x000007fefabf0000 - 0x000007fefabfb000 	C:\WINDOWS\system32\WINNSI.DLL
0x000007fefaab0000 - 0x000007fefab03000 	C:\WINDOWS\System32\fwpuclnt.dll
0x000007fefa590000 - 0x000007fefa598000 	C:\WINDOWS\system32\rasadhlp.dll
0x000007fefcb60000 - 0x000007fefcb67000 	C:\WINDOWS\System32\wshtcpip.dll
0x00000000002b0000 - 0x00000000002ca000 	C:\Program Files\Java\jdk1.8.0_40\jre\bin\net.dll
0x000007fefd0d0000 - 0x000007fefd0d7000 	C:\WINDOWS\System32\wship6.dll
0x000007fee48e0000 - 0x000007fee4a05000 	C:\WINDOWS\system32\dbghelp.dll

VM Arguments:
jvm_args: -agentlib:jdwp=transport=dt_socket,suspend=y,address=localhost:59479 -Dfile.encoding=UTF-8 
java_command: org.eclipse.jdt.internal.junit.runner.RemoteTestRunner -version 3 -port 59478 -testLoaderClass org.eclipse.jdt.internal.junit4.runner.JUnit4TestLoader -loaderpluginname org.eclipse.jdt.junit4.runtime -test se.skeppstedt.swimmer.octo.OctoOpenParserTest:whenSearchingOnlineForNonUniqePersonWithLicenceAListWithOneSwimmerIsReturned
java_class_path (initial): C:\Dev\SwimmerServer\target\test-classes;C:\Dev\SwimmerServer\target\classes;C:\Work\LocalRepository\javax\validation\validation-api\1.1.0.Final\validation-api-1.1.0.Final.jar;C:\Work\LocalRepository\javax\servlet\javax.servlet-api\3.1.0\javax.servlet-api-3.1.0.jar;C:\Work\LocalRepository\javax\ws\rs\javax.ws.rs-api\2.0.1\javax.ws.rs-api-2.0.1.jar;C:\Work\LocalRepository\javax\annotation\javax.annotation-api\1.2\javax.annotation-api-1.2.jar;C:\Work\LocalRepository\javax\inject\javax.inject\1\javax.inject-1.jar;C:\Work\LocalRepository\io\dropwizard\dropwizard-core\0.9.2\dropwizard-core-0.9.2.jar;C:\Work\LocalRepository\io\dropwizard\dropwizard-util\0.9.2\dropwizard-util-0.9.2.jar;C:\Work\LocalRepository\com\fasterxml\jackson\core\jackson-annotations\2.6.0\jackson-annotations-2.6.0.jar;C:\Work\LocalRepository\com\google\guava\guava\18.0\guava-18.0.jar;C:\Work\LocalRepository\com\google\code\findbugs\jsr305\3.0.1\jsr305-3.0.1.jar;C:\Work\LocalRepository\joda-time\joda-time\2.9\joda-time-2.9.jar;C:\Work\LocalRepository\io\dropwizard\dropwizard-jackson\0.9.2\dropwizard-jackson-0.9.2.jar;C:\Work\LocalRepository\com\fasterxml\jackson\core\jackson-core\2.6.3\jackson-core-2.6.3.jar;C:\Work\LocalRepository\com\fasterxml\jackson\core\jackson-databind\2.6.3\jackson-databind-2.6.3.jar;C:\Work\LocalRepository\com\fasterxml\jackson\datatype\jackson-datatype-jdk7\2.6.3\jackson-datatype-jdk7-2.6.3.jar;C:\Work\LocalRepository\com\fasterxml\jackson\datatype\jackson-datatype-guava\2.6.3\jackson-datatype-guava-2.6.3.jar;C:\Work\LocalRepository\com\fasterxml\jackson\module\jackson-module-afterburner\2.6.3\jackson-module-afterburner-2.6.3.jar;C:\Work\LocalRepository\com\fasterxml\jackson\datatype\jackson-datatype-joda\2.6.3\jackson-datatype-joda-2.6.3.jar;C:\Work\LocalRepository\org\slf4j\slf4j-api\1.7.12\slf4j-api-1.7.12.jar;C:\Work\LocalRepository\ch\qos\logback\logback-classic\1.1.3\logback-classic-1.1.3.jar;C:\Work\LocalRepository\ch\qos\logback\logback-co
Launcher Type: SUN_STANDARD

Environment Variables:
JAVA_HOME=C:\Program Files\Java\jdk1.8.0_40
PATH=C:\Program Files\Java\jdk1.8.0_40\jre\bin;C:/Program Files/Java/jdk1.8.0_40/jre/bin/server;C:/Program Files/Java/jdk1.8.0_40/jre/bin;C:/Program Files/Java/jdk1.8.0_40/jre/lib/amd64;C:\ProgramData\Oracle\Java\javapath;C:\Program Files\Java\jdk1.8.0_40\bin;C:\WINDOWS\system32;C:\WINDOWS;C:\WINDOWS\System32\Wbem;C:\WINDOWS\System32\WindowsPowerShell\v1.0\;C:\Program Files\Perforce;C:\Program Files\MySQL\MySQL Server 5.6\bin;C:\Dev\apache-ant-1.9.4\bin;C:\Dev\maven\apache-maven-3.0.5\bin;C:\Program Files (x86)\Microsoft SDKs\TypeScript\1.0\;c:\Program Files (x86)\Microsoft SQL Server\110\Tools\Binn\;c:\Program Files\Microsoft SQL Server\110\Tools\Binn\;c:\Program Files\Microsoft SQL Server\110\DTS\Binn\;c:\Program Files (x86)\Microsoft SQL Server\110\Tools\Binn\ManagementStudio\;c:\Program Files (x86)\Microsoft Visual Studio 10.0\Common7\IDE\PrivateAssemblies\;c:\Program Files (x86)\Microsoft SQL Server\110\DTS\Binn\;C:\Retail\Software\udm\bin.win;C:\Dev\grails-3.0.9\bin;C:\Program Files\nodejs\;C:\Dev\playframework\activator-1.3.7-minimal;C:\Program Files (x86)\Skype\Phone\;C:\Program Files (x86)\MySQL\MySQL Fabric 1.5 & MySQL Utilities 1.5\;C:\Program Files (x86)\MySQL\MySQL Fabric 1.5 & MySQL Utilities 1.5\Doctrine extensions for PHP\;C:\Users\niske\AppData\Roaming\npm;C:\Dev\eclipse\java-mars\eclipse;
USERNAME=niske
OS=Windows_NT
PROCESSOR_IDENTIFIER=Intel64 Family 6 Model 42 Stepping 7, GenuineIntel



---------------  S Y S T E M  ---------------

OS: Windows 7 , 64 bit Build 7601 (6.1.7601.18939)

CPU:total 8 (4 cores per cpu, 2 threads per core) family 6 model 42 stepping 7, cmov, cx8, fxsr, mmx, sse, sse2, sse3, ssse3, sse4.1, sse4.2, popcnt, avx, aes, clmul, ht, tsc, tscinvbit

Memory: 4k page, physical 8345620k(456628k free), swap 22633404k(2203620k free)

vm_info: Java HotSpot(TM) 64-Bit Server VM (25.40-b25) for windows-amd64 JRE (1.8.0_40-b26), built on Mar  7 2015 13:51:59 by "java_re" with MS VC++ 10.0 (VS2010)

time: Thu May 26 13:54:02 2016
elapsed time: 63 seconds (0d 0h 1m 3s)

